<?xml version="1.0" encoding="UTF-8"?>
<!-- Generated by org.testng.reporters.JUnitXMLReporter -->
<testsuite ignored="0" hostname="DESKTOP-D1QSOC2" failures="0" tests="20" name="Default test" time="212.958" errors="0" timestamp="2022-06-22T18:11:35 IST">
  <testcase classname="co.capstone.runner.Runner" name="featue" time="12.479"/>
  <testcase classname="co.capstone.runner.Runner" name="featue" time="8.35"/>
  <testcase classname="co.capstone.runner.Runner" name="featue" time="7.31"/>
  <testcase classname="co.capstone.runner.Runner" name="featue" time="6.419"/>
  <testcase classname="co.capstone.runner.Runner" name="featue" time="7.048"/>
  <testcase classname="co.capstone.runner.Runner" name="featue" time="8.242"/>
  <testcase classname="co.capstone.runner.Runner" name="featue" time="9.694"/>
  <testcase classname="co.capstone.runner.Runner" name="featue" time="13.92"/>
  <testcase classname="co.capstone.runner.Runner" name="featue" time="8.319"/>
  <testcase classname="co.capstone.runner.Runner" name="featue" time="10.356"/>
  <testcase classname="co.capstone.runner.Runner" name="featue" time="10.891"/>
  <testcase classname="co.capstone.runner.Runner" name="featue" time="9.393"/>
  <testcase classname="co.capstone.runner.Runner" name="featue" time="8.641"/>
  <testcase classname="co.capstone.runner.Runner" name="featue" time="10.546"/>
  <testcase classname="co.capstone.runner.Runner" name="featue" time="8.158"/>
  <testcase classname="co.capstone.runner.Runner" name="featue" time="11.142"/>
  <testcase classname="co.capstone.runner.Runner" name="featue" time="14.667"/>
  <testcase classname="co.capstone.runner.Runner" name="featue" time="14.618"/>
  <testcase classname="co.capstone.runner.Runner" name="featue" time="18.118"/>
  <testcase classname="co.capstone.runner.Runner" name="featue" time="10.446"/>
</testsuite> <!-- Default test -->
