<?xml version="1.0" encoding="UTF-8"?>
<!-- Generated by org.testng.reporters.JUnitXMLReporter -->
<testsuite ignored="0" hostname="DESKTOP-D1QSOC2" failures="0" tests="20" name="Test" time="215.244" errors="0" timestamp="2022-06-22T18:31:28 IST">
  <testcase classname="co.capstone.runner.Runner" name="featue" time="11.279"/>
  <testcase classname="co.capstone.runner.Runner" name="featue" time="10.074"/>
  <testcase classname="co.capstone.runner.Runner" name="featue" time="11.347"/>
  <testcase classname="co.capstone.runner.Runner" name="featue" time="7.001"/>
  <testcase classname="co.capstone.runner.Runner" name="featue" time="7.315"/>
  <testcase classname="co.capstone.runner.Runner" name="featue" time="8.482"/>
  <testcase classname="co.capstone.runner.Runner" name="featue" time="9.324"/>
  <testcase classname="co.capstone.runner.Runner" name="featue" time="15.449"/>
  <testcase classname="co.capstone.runner.Runner" name="featue" time="9.821"/>
  <testcase classname="co.capstone.runner.Runner" name="featue" time="14.991"/>
  <testcase classname="co.capstone.runner.Runner" name="featue" time="11.405"/>
  <testcase classname="co.capstone.runner.Runner" name="featue" time="11.362"/>
  <testcase classname="co.capstone.runner.Runner" name="featue" time="9.907"/>
  <testcase classname="co.capstone.runner.Runner" name="featue" time="8.051"/>
  <testcase classname="co.capstone.runner.Runner" name="featue" time="8.126"/>
  <testcase classname="co.capstone.runner.Runner" name="featue" time="10.734"/>
  <testcase classname="co.capstone.runner.Runner" name="featue" time="11.745"/>
  <testcase classname="co.capstone.runner.Runner" name="featue" time="12.996"/>
  <testcase classname="co.capstone.runner.Runner" name="featue" time="12.271"/>
  <testcase classname="co.capstone.runner.Runner" name="featue" time="10.035"/>
</testsuite> <!-- Test -->
